2020-05-07 20:10:28,019 [Worker-5: Loading available Gradle versions] INFO  o.e.b.c.i.u.g.PublishedGradleVersions - Gradle version information cache is up-to-date. Trying to read.
2020-05-07 20:37:39,335 [Worker-36: Creating maven-archetype-webapp] INFO  o.e.m.c.i.p.ProjectConfigurationManager - Collecting project info '/pom.xml' D:\laiOFFER\project\JobRecommendation\pom.xml
2020-05-07 20:37:42,360 [Worker-36: Creating maven-archetype-webapp] INFO  o.e.m.c.i.l.LifecycleMappingFactory - Using org.maven.ide.eclipse.wtp.WarLifecycleMapping lifecycle mapping for MavenProject: Mars:JobRecommendation:0.0.1-SNAPSHOT @ D:\laiOFFER\project\JobRecommendation\pom.xml.
2020-05-07 20:37:43,891 [Worker-36: Creating maven-archetype-webapp] INFO  o.e.m.j.i.AbstractJavaProjectConfigurator - Adding source folder /JobRecommendation/src/main/java
2020-05-07 20:37:43,892 [Worker-36: Creating maven-archetype-webapp] INFO  o.e.m.j.i.AbstractJavaProjectConfigurator - Adding source folder /JobRecommendation/src/test/java
2020-05-07 20:37:47,216 [Worker-36: Creating maven-archetype-webapp] INFO  o.e.m.c.i.p.ProjectConfigurationManager - Imported and configured 1 project(s) in 7 sec
2020-05-07 20:37:48,214 [Worker-37: Building] INFO  o.e.m.c.i.embedder.EclipseLogger - Using 'UTF-8' encoding to copy filtered resources.
2020-05-07 20:37:48,215 [Worker-37: Building] INFO  o.e.m.c.i.embedder.EclipseLogger - skip non existing resourceDirectory D:\laiOFFER\project\JobRecommendation\src\main\resources
2020-05-07 20:37:48,220 [Worker-37: Building] INFO  o.e.m.c.i.embedder.EclipseLogger - Using 'UTF-8' encoding to copy filtered resources.
2020-05-07 20:37:48,221 [Worker-37: Building] INFO  o.e.m.c.i.embedder.EclipseLogger - skip non existing resourceDirectory D:\laiOFFER\project\JobRecommendation\src\test\resources
2020-05-07 20:40:12,020 [Worker-40: Building] INFO  o.e.m.c.i.embedder.EclipseLogger - Using 'UTF-8' encoding to copy filtered resources.
2020-05-07 20:40:12,021 [Worker-40: Building] INFO  o.e.m.c.i.embedder.EclipseLogger - skip non existing resourceDirectory D:\laiOFFER\project\JobRecommendation\src\main\resources
2020-05-07 20:40:12,024 [Worker-40: Building] INFO  o.e.m.c.i.embedder.EclipseLogger - Using 'UTF-8' encoding to copy filtered resources.
2020-05-07 20:40:12,024 [Worker-40: Building] INFO  o.e.m.c.i.embedder.EclipseLogger - skip non existing resourceDirectory D:\laiOFFER\project\JobRecommendation\src\test\resources
2020-05-07 20:42:53,947 [Worker-43: Launching Executing install in D__laiOFFER_project_JobRecommendation] INFO  o.e.m.i.launch.MavenLaunchDelegate - D:\laiOFFER\project\JobRecommendation
2020-05-07 20:42:53,948 [Worker-43: Launching Executing install in D__laiOFFER_project_JobRecommendation] INFO  o.e.m.i.launch.MavenLaunchDelegate -  mvn -B install
2020-05-07 20:43:02,688 [Worker-41: Building] INFO  o.e.m.c.i.embedder.EclipseLogger - Using 'UTF-8' encoding to copy filtered resources.
2020-05-07 20:43:02,689 [Worker-41: Building] INFO  o.e.m.c.i.embedder.EclipseLogger - skip non existing resourceDirectory D:\laiOFFER\project\JobRecommendation\src\main\resources
2020-05-07 20:43:02,693 [Worker-41: Building] INFO  o.e.m.c.i.embedder.EclipseLogger - Using 'UTF-8' encoding to copy filtered resources.
2020-05-07 20:43:02,694 [Worker-41: Building] INFO  o.e.m.c.i.embedder.EclipseLogger - skip non existing resourceDirectory D:\laiOFFER\project\JobRecommendation\src\test\resources
2020-05-07 20:43:21,669 [Worker-44: Building] INFO  o.e.m.c.i.l.LifecycleMappingFactory - Using org.maven.ide.eclipse.wtp.WarLifecycleMapping lifecycle mapping for MavenProject: Mars:JobRecommendation:0.0.1-SNAPSHOT @ D:\laiOFFER\project\JobRecommendation\pom.xml.
2020-05-07 20:43:23,774 [Worker-44: Building] INFO  o.e.m.c.i.embedder.EclipseLogger - Using 'UTF-8' encoding to copy filtered resources.
2020-05-07 20:43:23,774 [Worker-44: Building] INFO  o.e.m.c.i.embedder.EclipseLogger - skip non existing resourceDirectory D:\laiOFFER\project\JobRecommendation\src\main\resources
2020-05-07 20:43:23,777 [Worker-44: Building] INFO  o.e.m.c.i.embedder.EclipseLogger - Using 'UTF-8' encoding to copy filtered resources.
2020-05-07 20:43:23,778 [Worker-44: Building] INFO  o.e.m.c.i.embedder.EclipseLogger - skip non existing resourceDirectory D:\laiOFFER\project\JobRecommendation\src\test\resources
2020-05-07 20:43:23,778 [Worker-44: Building] INFO  o.e.m.w.i.f.ResourceFilteringBuildParticipant - Changed resources require a complete clean of filtered resources of JobRecommendation
2020-05-07 20:43:23,779 [Worker-44: Building] INFO  o.e.m.w.i.f.ResourceFilteringBuildParticipant - Executing resource filtering for JobRecommendation
2020-05-07 20:43:23,787 [Worker-44: Building] INFO  o.e.m.c.i.embedder.EclipseLogger - Using 'UTF-8' encoding to copy filtered resources.
2020-05-07 20:43:28,082 [Worker-42: Building] INFO  o.e.m.c.i.embedder.EclipseLogger - Using 'UTF-8' encoding to copy filtered resources.
2020-05-07 20:43:28,083 [Worker-42: Building] INFO  o.e.m.c.i.embedder.EclipseLogger - skip non existing resourceDirectory D:\laiOFFER\project\JobRecommendation\src\main\resources
2020-05-07 20:43:28,084 [Worker-42: Building] INFO  o.e.m.c.i.embedder.EclipseLogger - Using 'UTF-8' encoding to copy filtered resources.
2020-05-07 20:43:28,085 [Worker-42: Building] INFO  o.e.m.c.i.embedder.EclipseLogger - skip non existing resourceDirectory D:\laiOFFER\project\JobRecommendation\src\test\resources
2020-05-07 20:47:48,772 [Worker-46: Building] INFO  o.e.m.c.i.embedder.EclipseLogger - Using 'UTF-8' encoding to copy filtered resources.
2020-05-07 20:47:48,772 [Worker-46: Building] INFO  o.e.m.c.i.embedder.EclipseLogger - skip non existing resourceDirectory D:\laiOFFER\project\JobRecommendation\src\main\resources
2020-05-07 20:47:48,775 [Worker-46: Building] INFO  o.e.m.c.i.embedder.EclipseLogger - Using 'UTF-8' encoding to copy filtered resources.
2020-05-07 20:47:48,776 [Worker-46: Building] INFO  o.e.m.c.i.embedder.EclipseLogger - skip non existing resourceDirectory D:\laiOFFER\project\JobRecommendation\src\test\resources
2020-05-08 20:36:18,491 [Worker-0: Loading available Gradle versions] INFO  o.e.b.c.i.u.g.PublishedGradleVersions - Gradle version information cache is out-of-date. Trying to update.
2020-05-08 20:36:30,881 [Worker-14: Building] INFO  o.e.m.c.i.embedder.EclipseLogger - Using 'UTF-8' encoding to copy filtered resources.
2020-05-08 20:36:30,888 [Worker-14: Building] INFO  o.e.m.c.i.embedder.EclipseLogger - skip non existing resourceDirectory D:\laiOFFER\project\JobRecommendation\src\main\resources
2020-05-08 20:36:30,893 [Worker-14: Building] INFO  o.e.m.c.i.embedder.EclipseLogger - Using 'UTF-8' encoding to copy filtered resources.
2020-05-08 20:36:30,893 [Worker-14: Building] INFO  o.e.m.c.i.embedder.EclipseLogger - skip non existing resourceDirectory D:\laiOFFER\project\JobRecommendation\src\test\resources
2020-05-08 20:38:02,478 [Worker-19: Building] INFO  o.e.m.c.i.embedder.EclipseLogger - Using 'UTF-8' encoding to copy filtered resources.
2020-05-08 20:38:02,478 [Worker-19: Building] INFO  o.e.m.c.i.embedder.EclipseLogger - skip non existing resourceDirectory D:\laiOFFER\project\JobRecommendation\src\main\resources
2020-05-08 20:38:02,480 [Worker-19: Building] INFO  o.e.m.c.i.embedder.EclipseLogger - Using 'UTF-8' encoding to copy filtered resources.
2020-05-08 20:38:02,481 [Worker-19: Building] INFO  o.e.m.c.i.embedder.EclipseLogger - skip non existing resourceDirectory D:\laiOFFER\project\JobRecommendation\src\test\resources
